<?xml version="1.0" encoding="UTF-8"?>
<!-- Generated by org.testng.reporters.JUnitReportReporter -->
<testsuite hostname="Surendras-MacBook-Pro.local" failures="0" tests="1" name="examples.CalcExample" time="3.785" errors="0" timestamp="2021-05-24T10:03:42 IST" skipped="0">
  <testcase classname="examples.CalcExample" name="multiply" time="3.785"/>
  <system-out/>
</testsuite> <!-- examples.CalcExample -->
