<?xml version="1.0" encoding="UTF-8"?>
<!-- Generated by org.testng.reporters.JUnitReportReporter -->
<testsuite hostname="Surendras-MacBook-Pro.local" failures="0" tests="2" name="activities.Activity_GoogleKeep" time="11.607" errors="0" timestamp="2021-06-03T14:02:32 IST" skipped="1">
  <testcase classname="activities.Activity_GoogleKeep" name="thirdTask" time="11.607"/>
  <system-out/>
  <testcase classname="activities.Activity_GoogleKeep" name="secondTask">
    <skipped/>
  </testcase> <!-- secondTask -->
  <system-out/>
</testsuite> <!-- activities.Activity_GoogleKeep -->
