<?xml version="1.0" encoding="UTF-8"?>
<!-- Generated by org.testng.reporters.JUnitReportReporter -->
<testsuite hostname="Surendras-MacBook-Pro.local" failures="0" tests="3" name="tests.Activity1" time="6.042" errors="0" timestamp="2021-05-12T09:22:38 IST" skipped="0">
  <testcase classname="tests.Activity1" name="addNewPet" time="3.194"/>
  <system-out/>
  <testcase classname="tests.Activity1" name="getPetInfo" time="1.443"/>
  <system-out/>
  <testcase classname="tests.Activity1" name="deletePet" time="1.405"/>
  <system-out/>
</testsuite> <!-- tests.Activity1 -->
